<?xml version="1.0" encoding="UTF-8"?>
<testng-results total="2" passed="2" failed="0" skipped="0">
  <reporter-output>
  </reporter-output>
  <suite started-at="2024-02-26T06:25:57Z" name="Default suite" finished-at="2024-02-26T06:25:57Z" duration-ms="39">
    <groups>
    </groups>
    <test started-at="2024-02-26T06:25:57Z" name="Default test" finished-at="2024-02-26T06:25:57Z" duration-ms="39">
      <class name="testngExamples.Exp_Testng">
        <test-method signature="login()[pri:0, instance:testngExamples.Exp_Testng@4241e0f4]" started-at="2024-02-26T11:55:57Z" name="login" finished-at="2024-02-26T11:55:57Z" duration-ms="16" status="PASS">
          <reporter-output>
          </reporter-output>
        </test-method> <!-- login -->
        <test-method signature="logout()[pri:0, instance:testngExamples.Exp_Testng@4241e0f4]" started-at="2024-02-26T11:55:57Z" name="logout" finished-at="2024-02-26T11:55:57Z" duration-ms="2" status="PASS">
          <reporter-output>
          </reporter-output>
        </test-method> <!-- logout -->
      </class> <!-- testngExamples.Exp_Testng -->
    </test> <!-- Default test -->
  </suite> <!-- Default suite -->
</testng-results>
