<?xml version="1.0" encoding="UTF-8"?>
<testng-results total="1" passed="1" failed="0" skipped="0">
  <reporter-output>
    <line>
      <![CDATA[Application opened]]>
    </line>
  </reporter-output>
  <suite started-at="2023-12-09T03:39:38Z" name="Default suite" finished-at="2023-12-09T03:39:46Z" duration-ms="7288">
    <groups>
    </groups>
    <test started-at="2023-12-09T03:39:38Z" name="Default test" finished-at="2023-12-09T03:39:46Z" duration-ms="7288">
      <class name="com.hrms.testscripts.TC002">
        <test-method signature="tc002()[pri:0, instance:com.hrms.testscripts.TC002@4241e0f4]" started-at="2023-12-09T09:09:38Z" name="tc002" finished-at="2023-12-09T09:09:46Z" duration-ms="7278" status="PASS">
          <reporter-output>
            <line>
              <![CDATA[Application opened]]>
            </line>
          </reporter-output>
        </test-method> <!-- tc002 -->
      </class> <!-- com.hrms.testscripts.TC002 -->
    </test> <!-- Default test -->
  </suite> <!-- Default suite -->
</testng-results>
